SF:lib\main.dart
DA:4,0
DA:7,1
DA:9,0
LF:3
LH:1
end_of_record
SF:lib\screens\home_screen.dart
DA:14,1
DA:16,0
DA:17,0
DA:26,0
DA:28,0
DA:29,0
DA:32,0
DA:34,0
DA:36,0
DA:38,0
DA:40,0
DA:41,0
DA:43,0
DA:47,0
DA:49,0
DA:51,0
DA:55,0
DA:56,0
DA:57,0
DA:58,0
DA:59,0
DA:60,0
DA:63,0
DA:64,0
DA:65,0
DA:66,0
DA:69,0
DA:74,0
DA:75,0
DA:77,0
DA:78,0
DA:79,0
DA:80,0
DA:82,0
DA:83,0
DA:84,0
DA:85,0
DA:88,0
DA:89,0
DA:92,0
DA:95,0
DA:96,0
DA:97,0
DA:98,0
DA:99,0
DA:101,0
DA:108,0
DA:109,0
DA:110,0
DA:114,0
LF:50
LH:1
end_of_record
SF:lib\networking\api_base_helper.dart
DA:8,0
DA:15,0
DA:16,0
DA:19,0
DA:20,0
DA:22,0
DA:27,0
DA:31,0
DA:34,0
DA:35,0
DA:37,0
DA:42,0
DA:43,0
DA:46,0
DA:47,0
DA:49,0
DA:54,0
DA:55,0
DA:58,0
DA:59,0
DA:61,0
LF:21
LH:0
end_of_record
SF:lib\services\customExceptionHandling.dart
DA:9,0
DA:10,0
DA:14,0
DA:18,0
DA:22,0
DA:26,0
DA:30,0
LF:7
LH:0
end_of_record
SF:lib\screens\transaction_detail_screen.dart
DA:7,0
DA:9,0
DA:11,0
DA:12,0
DA:13,0
DA:14,0
DA:15,0
DA:16,0
DA:18,0
DA:19,0
DA:20,0
DA:21,0
DA:22,0
DA:25,0
DA:26,0
DA:35,0
DA:36,0
DA:42,0
DA:43,0
DA:47,0
DA:48,0
DA:49,0
DA:50,0
DA:51,0
DA:63,0
DA:64,0
DA:65,0
DA:71,0
DA:72,0
DA:76,0
DA:77,0
DA:78,0
DA:79,0
DA:86,0
DA:87,0
LF:35
LH:0
end_of_record
SF:lib\services\db.dart
DA:10,0
DA:12,0
DA:14,0
DA:16,0
DA:17,0
DA:18,0
DA:19,0
DA:21,0
DA:24,0
DA:26,0
LF:10
LH:0
end_of_record
SF:lib\services\helper_functions.dart
DA:4,0
DA:6,0
DA:7,0
DA:8,0
LF:4
LH:0
end_of_record
SF:lib\services\models.dart
DA:11,0
DA:21,0
DA:22,0
DA:23,0
DA:24,0
DA:25,0
DA:26,0
DA:27,0
DA:28,0
DA:29,0
DA:32,0
DA:33,0
DA:34,0
DA:35,0
DA:36,0
DA:37,0
DA:38,0
DA:39,0
DA:40,0
DA:41,0
LF:20
LH:0
end_of_record
SF:lib\services\transaction_container.dart
DA:9,0
DA:12,0
DA:14,0
DA:15,0
DA:16,0
DA:17,0
DA:18,0
DA:19,0
DA:22,0
DA:23,0
DA:25,0
DA:27,0
DA:28,0
DA:29,0
DA:31,0
DA:34,0
DA:36,0
DA:37,0
DA:40,0
DA:41,0
DA:42,0
DA:46,0
DA:47,0
DA:58,0
DA:61,0
DA:62,0
DA:63,0
DA:68,0
DA:69,0
DA:70,0
DA:71,0
LF:31
LH:0
end_of_record
SF:lib\shared\customTextFormField.dart
DA:26,0
DA:51,0
DA:53,0
DA:55,0
DA:56,0
DA:57,0
DA:58,0
DA:60,0
DA:61,0
DA:62,0
DA:64,0
DA:67,0
DA:68,0
DA:69,0
DA:70,0
DA:71,0
DA:72,0
DA:74,0
DA:75,0
DA:76,0
DA:77,0
DA:78,0
DA:79,0
DA:80,0
DA:81,0
DA:82,0
DA:83,0
DA:84,0
DA:85,0
DA:86,0
DA:87,0
DA:89,0
DA:90,0
LF:33
LH:0
end_of_record
SF:lib\shared\custom_loading.dart
DA:7,1
DA:10,0
DA:11,0
DA:13,0
DA:15,0
DA:17,0
DA:18,0
DA:21,0
DA:23,0
DA:25,0
DA:26,0
LF:11
LH:1
end_of_record
SF:lib\shared\customindicator.dart
DA:4,1
DA:6,0
DA:8,0
DA:11,0
LF:4
LH:1
end_of_record
